<?xml version="1.0" encoding="UTF-8"?>
<testng-results skipped="0" failed="0" ignored="0" total="1" passed="1">
  <reporter-output>
  </reporter-output>
  <suite name="Default suite" duration-ms="78" started-at="2020-04-21T10:34:58Z" finished-at="2020-04-21T10:34:58Z">
    <groups>
    </groups>
    <test name="Default test" duration-ms="78" started-at="2020-04-21T10:34:58Z" finished-at="2020-04-21T10:34:58Z">
      <class name="learn.sandeep.vk">
        <test-method status="PASS" signature="lenovo()[pri:0, instance:learn.sandeep.vk@2bcfcb]" name="lenovo" duration-ms="25" started-at="2020-04-21T16:04:58Z" finished-at="2020-04-21T16:04:58Z">
          <reporter-output>
          </reporter-output>
        </test-method> <!-- lenovo -->
      </class> <!-- learn.sandeep.vk -->
    </test> <!-- Default test -->
  </suite> <!-- Default suite -->
</testng-results>
