<?xml version="1.0" encoding="UTF-8"?>
<testng-results skipped="0" failed="0" total="3" passed="3">
  <reporter-output>
  </reporter-output>
  <suite name="Suite" duration-ms="63" started-at="2020-04-23T14:16:44Z" finished-at="2020-04-23T14:16:44Z">
    <groups>
    </groups>
    <test name="Test" duration-ms="63" started-at="2020-04-23T14:16:44Z" finished-at="2020-04-23T14:16:44Z">
      <class name="learn.sandeep.vk">
        <test-method status="PASS" signature="deleteTwitter()" name="deleteTwitter" duration-ms="26" started-at="2020-04-23T14:16:44Z" finished-at="2020-04-23T14:16:44Z">
        </test-method>
        <test-method status="PASS" signature="lenovo()" name="lenovo" duration-ms="1" started-at="2020-04-23T14:16:44Z" finished-at="2020-04-23T14:16:44Z">
        </test-method>
        <test-method status="PASS" signature="postjira()" name="postjira" duration-ms="1" started-at="2020-04-23T14:16:44Z" finished-at="2020-04-23T14:16:44Z">
        </test-method>
      </class>
    </test>
  </suite>
</testng-results>
